<?xml version="1.0" encoding="UTF-8"?>
<testsuites name="jest tests" tests="9" failures="0" time="7.851">
  <testsuite name="undefined" errors="0" failures="0" skipped="0" timestamp="2019-09-27T12:52:47" time="3.004" tests="1">
    <testcase classname=" second test case" name=" second test case" time="0.006">
    </testcase>
  </testsuite>
  <testsuite name="button tests" errors="0" failures="0" skipped="0" timestamp="2019-09-27T12:52:47" time="3.039" tests="1">
    <testcase classname="button tests is a div" name="button tests is a div" time="0.02">
    </testcase>
  </testsuite>
  <testsuite name="button" errors="0" failures="0" skipped="0" timestamp="2019-09-27T12:52:47" time="3.084" tests="5">
    <testcase classname="button 接受 1 个 classname" name="button 接受 1 个 classname" time="0.004">
    </testcase>
    <testcase classname="button 接受 2 个 classname" name="button 接受 2 个 classname" time="0">
    </testcase>
    <testcase classname="button 接受 undefined, 结果不会出现undefined" name="button 接受 undefined, 结果不会出现undefined" time="0.001">
    </testcase>
    <testcase classname="button 接受 undefined 和中文, 结果不会出现undefined和中文" name="button 接受 undefined 和中文, 结果不会出现undefined和中文" time="0">
    </testcase>
    <testcase classname="button 什么都不传, 结果是空字符串" name="button 什么都不传, 结果是空字符串" time="0">
    </testcase>
  </testsuite>
  <testsuite name="icon" errors="0" failures="0" skipped="0" timestamp="2019-09-27T12:52:47" time="3.176" tests="2">
    <testcase classname="icon render successfully" name="icon render successfully" time="0.016">
    </testcase>
    <testcase classname="icon onClick" name="icon onClick" time="0.039">
    </testcase>
  </testsuite>
</testsuites>